[debug] [2025-04-16T05:09:00.496Z] ----------------------------------------------------------------------
[debug] [2025-04-16T05:09:00.524Z] Command:       C:\Program Files\nodejs\node.exe C:\Users\bryan\AppData\Roaming\npm\node_modules\firebase-tools\lib\bin\firebase.js init
[debug] [2025-04-16T05:09:00.525Z] CLI Version:   14.1.0
[debug] [2025-04-16T05:09:00.525Z] Platform:      win32
[debug] [2025-04-16T05:09:00.526Z] Node Version:  v22.14.0
[debug] [2025-04-16T05:09:00.526Z] Time:          Tue Apr 15 2025 23:09:00 GMT-0600 (hora estándar central)
[debug] [2025-04-16T05:09:00.527Z] ----------------------------------------------------------------------
[debug] 
[debug] [2025-04-16T05:09:00.588Z] > command requires scopes: ["email","openid","https://www.googleapis.com/auth/cloudplatformprojects.readonly","https://www.googleapis.com/auth/firebase","https://www.googleapis.com/auth/cloud-platform"]
[debug] [2025-04-16T05:09:00.589Z] > authorizing via signed-in user (ciberforta22@gmail.com)
[info] 
     ######## #### ########  ######## ########     ###     ######  ########
     ##        ##  ##     ## ##       ##     ##  ##   ##  ##       ##
     ######    ##  ########  ######   ########  #########  ######  ######
     ##        ##  ##    ##  ##       ##     ## ##     ##       ## ##
     ##       #### ##     ## ######## ########  ##     ##  ######  ########

You're about to initialize a Firebase project in this directory:

  C:\Users\bryan\Desktop\pagina movil

[info] 
=== Project Setup
[info] 
[info] First, let's associate this project directory with a Firebase project.
[info] You can create multiple project aliases by running firebase use --add, 
[info] but for now we'll just set up a default project.
[info] 
[debug] [2025-04-16T05:14:02.973Z] Checked if tokens are valid: true, expires at: 1744783617780
[debug] [2025-04-16T05:14:02.974Z] Checked if tokens are valid: true, expires at: 1744783617780
[debug] [2025-04-16T05:14:02.979Z] >>> [apiv2][query] GET https://firebase.googleapis.com/v1beta1/projects pageSize=100
[debug] [2025-04-16T05:14:04.730Z] <<< [apiv2][status] GET https://firebase.googleapis.com/v1beta1/projects 200
[debug] [2025-04-16T05:14:04.730Z] <<< [apiv2][body] GET https://firebase.googleapis.com/v1beta1/projects [omitted]
[info] i  Using project the-red-loggin (THE RED LOGGIN) 
[info] 
=== Dataconnect Setup
[debug] [2025-04-16T05:14:23.893Z] Checked if tokens are valid: true, expires at: 1744783617780
[debug] [2025-04-16T05:14:23.893Z] Checked if tokens are valid: true, expires at: 1744783617780
[debug] [2025-04-16T05:14:23.894Z] >>> [apiv2][query] GET https://cloudbilling.googleapis.com/v1/projects/the-red-loggin/billingInfo [none]
[debug] [2025-04-16T05:14:24.379Z] <<< [apiv2][status] GET https://cloudbilling.googleapis.com/v1/projects/the-red-loggin/billingInfo 200
[debug] [2025-04-16T05:14:24.379Z] <<< [apiv2][body] GET https://cloudbilling.googleapis.com/v1/projects/the-red-loggin/billingInfo {"name":"projects/the-red-loggin/billingInfo","projectId":"the-red-loggin","billingAccountName":"","billingEnabled":false}
[info] i  dataconnect: ensuring required API sqladmin.googleapis.com is enabled... 
[debug] [2025-04-16T05:14:24.381Z] Checked if tokens are valid: true, expires at: 1744783617780
[debug] [2025-04-16T05:14:24.381Z] Checked if tokens are valid: true, expires at: 1744783617780
[debug] [2025-04-16T05:14:24.382Z] >>> [apiv2][query] GET https://serviceusage.googleapis.com/v1/projects/the-red-loggin/services/sqladmin.googleapis.com [none]
[debug] [2025-04-16T05:14:24.382Z] >>> [apiv2][(partial)header] GET https://serviceusage.googleapis.com/v1/projects/the-red-loggin/services/sqladmin.googleapis.com x-goog-quota-user=projects/the-red-loggin
[debug] [2025-04-16T05:14:25.052Z] <<< [apiv2][status] GET https://serviceusage.googleapis.com/v1/projects/the-red-loggin/services/sqladmin.googleapis.com 200
[debug] [2025-04-16T05:14:25.052Z] <<< [apiv2][body] GET https://serviceusage.googleapis.com/v1/projects/the-red-loggin/services/sqladmin.googleapis.com [omitted]
[warn] !  dataconnect: missing required API sqladmin.googleapis.com. Enabling now... 
[debug] [2025-04-16T05:14:25.058Z] Checked if tokens are valid: true, expires at: 1744783617780
[debug] [2025-04-16T05:14:25.058Z] Checked if tokens are valid: true, expires at: 1744783617780
[debug] [2025-04-16T05:14:25.058Z] >>> [apiv2][query] POST https://serviceusage.googleapis.com/v1/projects/the-red-loggin/services/sqladmin.googleapis.com:enable [none]
[debug] [2025-04-16T05:14:25.059Z] >>> [apiv2][(partial)header] POST https://serviceusage.googleapis.com/v1/projects/the-red-loggin/services/sqladmin.googleapis.com:enable x-goog-quota-user=projects/the-red-loggin
[debug] [2025-04-16T05:14:25.424Z] <<< [apiv2][status] POST https://serviceusage.googleapis.com/v1/projects/the-red-loggin/services/sqladmin.googleapis.com:enable 200
[debug] [2025-04-16T05:14:25.424Z] <<< [apiv2][body] POST https://serviceusage.googleapis.com/v1/projects/the-red-loggin/services/sqladmin.googleapis.com:enable [omitted]
[debug] [2025-04-16T05:14:35.431Z] Checked if tokens are valid: true, expires at: 1744783617780
[debug] [2025-04-16T05:14:35.432Z] Checked if tokens are valid: true, expires at: 1744783617780
[debug] [2025-04-16T05:14:35.432Z] >>> [apiv2][query] GET https://serviceusage.googleapis.com/v1/projects/the-red-loggin/services/sqladmin.googleapis.com [none]
[debug] [2025-04-16T05:14:35.432Z] >>> [apiv2][(partial)header] GET https://serviceusage.googleapis.com/v1/projects/the-red-loggin/services/sqladmin.googleapis.com x-goog-quota-user=projects/the-red-loggin
[debug] [2025-04-16T05:14:36.141Z] <<< [apiv2][status] GET https://serviceusage.googleapis.com/v1/projects/the-red-loggin/services/sqladmin.googleapis.com 200
[debug] [2025-04-16T05:14:36.143Z] <<< [apiv2][body] GET https://serviceusage.googleapis.com/v1/projects/the-red-loggin/services/sqladmin.googleapis.com [omitted]
[info] +  dataconnect: required API sqladmin.googleapis.com is enabled 
[info] +  Wrote dataconnect\dataconnect.yaml 
[info] +  Wrote dataconnect\schema\schema.gql 
[info] +  Wrote dataconnect\connector\connector.yaml 
[info] +  Wrote dataconnect\connector\queries.gql 
[info] +  Wrote dataconnect\connector\mutations.gql 
[info] i  If you'd like to add the generated SDK to your app later, run firebase init dataconnect:sdk 
[info] i  If you'd like to provision a CloudSQL Postgres instance on the Firebase Data Connect no-cost trial:
1. Please upgrade to the pay-as-you-go (Blaze) billing plan. Visit the following page:
     https://console.firebase.google.com/project/the-red-loggin/usage/details
2. Run firebase init dataconnect again to configure the Cloud SQL instance.
3. Run firebase deploy --only dataconnect to deploy your Data Connect service. 
[info] 
=== Firestore Setup
[debug] [2025-04-16T05:14:36.297Z] Checked if tokens are valid: true, expires at: 1744783617780
[debug] [2025-04-16T05:14:36.297Z] Checked if tokens are valid: true, expires at: 1744783617780
[debug] [2025-04-16T05:14:36.297Z] >>> [apiv2][query] GET https://serviceusage.googleapis.com/v1/projects/the-red-loggin/services/firestore.googleapis.com [none]
[debug] [2025-04-16T05:14:36.297Z] >>> [apiv2][(partial)header] GET https://serviceusage.googleapis.com/v1/projects/the-red-loggin/services/firestore.googleapis.com x-goog-quota-user=projects/the-red-loggin
[debug] [2025-04-16T05:14:36.650Z] <<< [apiv2][status] GET https://serviceusage.googleapis.com/v1/projects/the-red-loggin/services/firestore.googleapis.com 200
[debug] [2025-04-16T05:14:36.650Z] <<< [apiv2][body] GET https://serviceusage.googleapis.com/v1/projects/the-red-loggin/services/firestore.googleapis.com [omitted]
[debug] [2025-04-16T05:14:36.651Z] Checked if tokens are valid: true, expires at: 1744783617780
[debug] [2025-04-16T05:14:36.651Z] Checked if tokens are valid: true, expires at: 1744783617780
[debug] [2025-04-16T05:14:36.652Z] >>> [apiv2][query] GET https://firestore.googleapis.com/v1/projects/the-red-loggin/databases/(default) [none]
[debug] [2025-04-16T05:14:37.421Z] <<< [apiv2][status] GET https://firestore.googleapis.com/v1/projects/the-red-loggin/databases/(default) 200
[debug] [2025-04-16T05:14:37.421Z] <<< [apiv2][body] GET https://firestore.googleapis.com/v1/projects/the-red-loggin/databases/(default) {"name":"projects/the-red-loggin/databases/(default)","uid":"618e376d-cc81-4f3f-9cdf-c69b31fa4e79","createTime":"2025-04-02T03:36:46.689336Z","updateTime":"2025-04-02T03:36:46.689336Z","locationId":"nam5","type":"FIRESTORE_NATIVE","concurrencyMode":"PESSIMISTIC","versionRetentionPeriod":"3600s","earliestVersionTime":"2025-04-16T04:14:38.335924Z","appEngineIntegrationMode":"DISABLED","keyPrefix":"s","pointInTimeRecoveryEnablement":"POINT_IN_TIME_RECOVERY_DISABLED","deleteProtectionState":"DELETE_PROTECTION_DISABLED","databaseEdition":"STANDARD","freeTier":true,"etag":"IIKT/eTl24wDML7RirOau4wD"}
[debug] [2025-04-16T05:14:37.421Z] database_type: FIRESTORE_NATIVE
[debug] [2025-04-16T05:14:37.421Z] database_type: FIRESTORE_NATIVE
[debug] [2025-04-16T05:14:37.422Z] > command requires scopes: ["email","openid","https://www.googleapis.com/auth/cloudplatformprojects.readonly","https://www.googleapis.com/auth/firebase","https://www.googleapis.com/auth/cloud-platform"]
[debug] [2025-04-16T05:14:37.422Z] > authorizing via signed-in user (ciberforta22@gmail.com)
[debug] [2025-04-16T05:14:37.422Z] [iam] checking project the-red-loggin for permissions ["firebase.projects.get"]
[debug] [2025-04-16T05:14:37.423Z] Checked if tokens are valid: true, expires at: 1744783617780
[debug] [2025-04-16T05:14:37.423Z] Checked if tokens are valid: true, expires at: 1744783617780
[debug] [2025-04-16T05:14:37.424Z] >>> [apiv2][query] POST https://cloudresourcemanager.googleapis.com/v1/projects/the-red-loggin:testIamPermissions [none]
[debug] [2025-04-16T05:14:37.424Z] >>> [apiv2][(partial)header] POST https://cloudresourcemanager.googleapis.com/v1/projects/the-red-loggin:testIamPermissions x-goog-quota-user=projects/the-red-loggin
[debug] [2025-04-16T05:14:37.424Z] >>> [apiv2][body] POST https://cloudresourcemanager.googleapis.com/v1/projects/the-red-loggin:testIamPermissions {"permissions":["firebase.projects.get"]}
[debug] [2025-04-16T05:14:38.092Z] <<< [apiv2][status] POST https://cloudresourcemanager.googleapis.com/v1/projects/the-red-loggin:testIamPermissions 200
[debug] [2025-04-16T05:14:38.092Z] <<< [apiv2][body] POST https://cloudresourcemanager.googleapis.com/v1/projects/the-red-loggin:testIamPermissions {"permissions":["firebase.projects.get"]}
[info] 
[info] Firestore Security Rules allow you to define how and when to allow
[info] requests. You can keep these rules in your project directory
[info] and publish them with firebase deploy.
[info] 
[debug] [2025-04-16T05:16:31.437Z] Checked if tokens are valid: true, expires at: 1744783617780
[debug] [2025-04-16T05:16:31.447Z] Checked if tokens are valid: true, expires at: 1744783617780
[debug] [2025-04-16T05:16:31.456Z] >>> [apiv2][query] GET https://firebaserules.googleapis.com/v1/projects/the-red-loggin/releases pageSize=10&pageToken=
[debug] [2025-04-16T05:16:32.282Z] <<< [apiv2][status] GET https://firebaserules.googleapis.com/v1/projects/the-red-loggin/releases 200
[debug] [2025-04-16T05:16:32.282Z] <<< [apiv2][body] GET https://firebaserules.googleapis.com/v1/projects/the-red-loggin/releases {"releases":[{"name":"projects/the-red-loggin/releases/cloud.firestore","rulesetName":"projects/the-red-loggin/rulesets/45b084d6-3f0a-47ec-bb4d-b6997e733bd2","createTime":"2025-04-02T03:36:48.179040Z","updateTime":"2025-04-02T04:04:54.348834Z"}]}
[debug] [2025-04-16T05:16:32.283Z] Found ruleset: projects/the-red-loggin/rulesets/45b084d6-3f0a-47ec-bb4d-b6997e733bd2
[debug] [2025-04-16T05:16:32.283Z] Checked if tokens are valid: true, expires at: 1744783617780
[debug] [2025-04-16T05:16:32.283Z] Checked if tokens are valid: true, expires at: 1744783617780
[debug] [2025-04-16T05:16:32.283Z] >>> [apiv2][query] GET https://firebaserules.googleapis.com/v1/projects/the-red-loggin/rulesets/45b084d6-3f0a-47ec-bb4d-b6997e733bd2 [none]
[debug] [2025-04-16T05:16:32.455Z] <<< [apiv2][status] GET https://firebaserules.googleapis.com/v1/projects/the-red-loggin/rulesets/45b084d6-3f0a-47ec-bb4d-b6997e733bd2 200
[debug] [2025-04-16T05:16:32.456Z] <<< [apiv2][body] GET https://firebaserules.googleapis.com/v1/projects/the-red-loggin/rulesets/45b084d6-3f0a-47ec-bb4d-b6997e733bd2 [omitted]
[info] 
[info] Firestore indexes allow you to perform complex queries while
[info] maintaining performance that scales with the size of the result
[info] set. You can keep index definitions in your project directory
[info] and publish them with firebase deploy.
[info] 
[debug] [2025-04-16T05:17:18.153Z] Checked if tokens are valid: true, expires at: 1744783617780
[debug] [2025-04-16T05:17:18.153Z] Checked if tokens are valid: true, expires at: 1744783617780
[debug] [2025-04-16T05:17:18.153Z] Checked if tokens are valid: true, expires at: 1744783617780
[debug] [2025-04-16T05:17:18.153Z] Checked if tokens are valid: true, expires at: 1744783617780
[debug] [2025-04-16T05:17:18.161Z] >>> [apiv2][query] GET https://firestore.googleapis.com/v1/projects/the-red-loggin/databases/(default)/collectionGroups/-/indexes [none]
[debug] [2025-04-16T05:17:18.165Z] >>> [apiv2][query] GET https://firestore.googleapis.com/v1/projects/the-red-loggin/databases/(default)/collectionGroups/-/fields?filter=indexConfig.usesAncestorConfig=false OR ttlConfig:* [none]
[debug] [2025-04-16T05:17:19.022Z] <<< [apiv2][status] GET https://firestore.googleapis.com/v1/projects/the-red-loggin/databases/(default)/collectionGroups/-/indexes 200
[debug] [2025-04-16T05:17:19.022Z] <<< [apiv2][body] GET https://firestore.googleapis.com/v1/projects/the-red-loggin/databases/(default)/collectionGroups/-/indexes {}
[debug] [2025-04-16T05:17:19.027Z] <<< [apiv2][status] GET https://firestore.googleapis.com/v1/projects/the-red-loggin/databases/(default)/collectionGroups/-/fields?filter=indexConfig.usesAncestorConfig=false OR ttlConfig:* 200
[debug] [2025-04-16T05:17:19.027Z] <<< [apiv2][body] GET https://firestore.googleapis.com/v1/projects/the-red-loggin/databases/(default)/collectionGroups/-/fields?filter=indexConfig.usesAncestorConfig=false OR ttlConfig:* {"fields":[{"name":"projects/the-red-loggin/databases/(default)/collectionGroups/__default__/fields/*","indexConfig":{"indexes":[{"queryScope":"COLLECTION","fields":[{"fieldPath":"*","order":"ASCENDING"}],"state":"READY"},{"queryScope":"COLLECTION","fields":[{"fieldPath":"*","order":"DESCENDING"}],"state":"READY"},{"queryScope":"COLLECTION","fields":[{"fieldPath":"*","arrayConfig":"CONTAINS"}],"state":"READY"}]}}]}
[info] 
=== Genkit Setup
[debug] [2025-04-16T05:19:49.866Z] > command requires scopes: ["email","openid","https://www.googleapis.com/auth/cloudplatformprojects.readonly","https://www.googleapis.com/auth/firebase","https://www.googleapis.com/auth/cloud-platform"]
[debug] [2025-04-16T05:19:49.866Z] > authorizing via signed-in user (ciberforta22@gmail.com)
[debug] [2025-04-16T05:19:49.868Z] [iam] checking project the-red-loggin for permissions ["firebase.projects.get"]
[debug] [2025-04-16T05:19:49.868Z] Checked if tokens are valid: true, expires at: 1744783617780
[debug] [2025-04-16T05:19:49.869Z] Checked if tokens are valid: true, expires at: 1744783617780
[debug] [2025-04-16T05:19:49.869Z] >>> [apiv2][query] POST https://cloudresourcemanager.googleapis.com/v1/projects/the-red-loggin:testIamPermissions [none]
[debug] [2025-04-16T05:19:49.869Z] >>> [apiv2][(partial)header] POST https://cloudresourcemanager.googleapis.com/v1/projects/the-red-loggin:testIamPermissions x-goog-quota-user=projects/the-red-loggin
[debug] [2025-04-16T05:19:49.869Z] >>> [apiv2][body] POST https://cloudresourcemanager.googleapis.com/v1/projects/the-red-loggin:testIamPermissions {"permissions":["firebase.projects.get"]}
[debug] [2025-04-16T05:19:51.044Z] <<< [apiv2][status] POST https://cloudresourcemanager.googleapis.com/v1/projects/the-red-loggin:testIamPermissions 200
[debug] [2025-04-16T05:19:51.044Z] <<< [apiv2][body] POST https://cloudresourcemanager.googleapis.com/v1/projects/the-red-loggin:testIamPermissions {"permissions":["firebase.projects.get"]}
[debug] [2025-04-16T05:19:51.045Z] Checked if tokens are valid: true, expires at: 1744783617780
[debug] [2025-04-16T05:19:51.045Z] Checked if tokens are valid: true, expires at: 1744783617780
[debug] [2025-04-16T05:19:51.046Z] Checked if tokens are valid: true, expires at: 1744783617780
[debug] [2025-04-16T05:19:51.046Z] Checked if tokens are valid: true, expires at: 1744783617780
[debug] [2025-04-16T05:19:51.046Z] >>> [apiv2][query] GET https://serviceusage.googleapis.com/v1/projects/the-red-loggin/services/cloudfunctions.googleapis.com [none]
[debug] [2025-04-16T05:19:51.046Z] >>> [apiv2][(partial)header] GET https://serviceusage.googleapis.com/v1/projects/the-red-loggin/services/cloudfunctions.googleapis.com x-goog-quota-user=projects/the-red-loggin
[debug] [2025-04-16T05:19:51.050Z] >>> [apiv2][query] GET https://serviceusage.googleapis.com/v1/projects/the-red-loggin/services/runtimeconfig.googleapis.com [none]
[debug] [2025-04-16T05:19:51.051Z] >>> [apiv2][(partial)header] GET https://serviceusage.googleapis.com/v1/projects/the-red-loggin/services/runtimeconfig.googleapis.com x-goog-quota-user=projects/the-red-loggin
[debug] [2025-04-16T05:19:51.962Z] <<< [apiv2][status] GET https://serviceusage.googleapis.com/v1/projects/the-red-loggin/services/cloudfunctions.googleapis.com 200
[debug] [2025-04-16T05:19:51.962Z] <<< [apiv2][body] GET https://serviceusage.googleapis.com/v1/projects/the-red-loggin/services/cloudfunctions.googleapis.com [omitted]
[debug] [2025-04-16T05:19:51.962Z] Checked if tokens are valid: true, expires at: 1744783617780
[debug] [2025-04-16T05:19:51.963Z] Checked if tokens are valid: true, expires at: 1744783617780
[debug] [2025-04-16T05:19:51.963Z] >>> [apiv2][query] POST https://serviceusage.googleapis.com/v1/projects/the-red-loggin/services/cloudfunctions.googleapis.com:enable [none]
[debug] [2025-04-16T05:19:51.963Z] >>> [apiv2][(partial)header] POST https://serviceusage.googleapis.com/v1/projects/the-red-loggin/services/cloudfunctions.googleapis.com:enable x-goog-quota-user=projects/the-red-loggin
[debug] [2025-04-16T05:19:52.046Z] <<< [apiv2][status] GET https://serviceusage.googleapis.com/v1/projects/the-red-loggin/services/runtimeconfig.googleapis.com 200
[debug] [2025-04-16T05:19:52.046Z] <<< [apiv2][body] GET https://serviceusage.googleapis.com/v1/projects/the-red-loggin/services/runtimeconfig.googleapis.com [omitted]
[debug] [2025-04-16T05:19:52.424Z] <<< [apiv2][status] POST https://serviceusage.googleapis.com/v1/projects/the-red-loggin/services/cloudfunctions.googleapis.com:enable 200
[debug] [2025-04-16T05:19:52.425Z] <<< [apiv2][body] POST https://serviceusage.googleapis.com/v1/projects/the-red-loggin/services/cloudfunctions.googleapis.com:enable [omitted]
[debug] [2025-04-16T05:20:02.442Z] Checked if tokens are valid: true, expires at: 1744783617780
[debug] [2025-04-16T05:20:02.443Z] Checked if tokens are valid: true, expires at: 1744783617780
[debug] [2025-04-16T05:20:02.443Z] >>> [apiv2][query] GET https://serviceusage.googleapis.com/v1/projects/the-red-loggin/services/cloudfunctions.googleapis.com [none]
[debug] [2025-04-16T05:20:02.443Z] >>> [apiv2][(partial)header] GET https://serviceusage.googleapis.com/v1/projects/the-red-loggin/services/cloudfunctions.googleapis.com x-goog-quota-user=projects/the-red-loggin
[debug] [2025-04-16T05:20:03.309Z] <<< [apiv2][status] GET https://serviceusage.googleapis.com/v1/projects/the-red-loggin/services/cloudfunctions.googleapis.com 200
[debug] [2025-04-16T05:20:03.309Z] <<< [apiv2][body] GET https://serviceusage.googleapis.com/v1/projects/the-red-loggin/services/cloudfunctions.googleapis.com [omitted]
[info] Let's create a new codebase for your functions.
[info] A directory corresponding to the codebase will be created in your project
[info] with sample code pre-configured.

[info] See https://firebase.google.com/docs/functions/organize-functions for
[info] more information on organizing your functions using codebases.

[info] Functions can be deployed with firebase deploy.

[info] +  Wrote functions/package.json 
[info] +  Wrote functions/.eslintrc.js 
[info] +  Wrote functions/tsconfig.json 
[info] +  Wrote functions/tsconfig.dev.json 
[info] +  Wrote functions/src/index.ts 
[info] +  Wrote functions/.gitignore 
[info] 
[info] i  genkit: Installing Genkit CLI version 1.6.0
 
[info] i  genkit: Installing NPM packages for genkit 
[info] +  genkit: Successfully installed NPM packages 
[info] i  genkit: Updating tsconfig.json 
[info] +  genkit: Successfully updated tsconfig.json 
[info] i  genkit: Updating package.json 
[info] +  genkit: Successfully updated package.json 
[info] i  genkit: Generating sample file 
[info] +  genkit: Successfully generated sample file (src/genkit-sample.ts) 
[info] 
Login to Google Cloud using:
[info]     gcloud auth application-default login --project undefined

[info] Then start the Genkit developer experience by running:
[info]     cd functions && npm run genkit:start
[info] 
=== Functions Setup
[debug] [2025-04-16T05:59:43.011Z] > command requires scopes: ["email","openid","https://www.googleapis.com/auth/cloudplatformprojects.readonly","https://www.googleapis.com/auth/firebase","https://www.googleapis.com/auth/cloud-platform"]
[debug] [2025-04-16T05:59:43.028Z] > authorizing via signed-in user (ciberforta22@gmail.com)
[debug] [2025-04-16T05:59:43.030Z] [iam] checking project the-red-loggin for permissions ["firebase.projects.get"]
[debug] [2025-04-16T05:59:43.063Z] Checked if tokens are valid: false, expires at: 1744783617780
[debug] [2025-04-16T05:59:43.063Z] Checked if tokens are valid: false, expires at: 1744783617780
[debug] [2025-04-16T05:59:43.080Z] > refreshing access token with scopes: []
[debug] [2025-04-16T05:59:43.111Z] >>> [apiv2][query] POST https://www.googleapis.com/oauth2/v3/token [none]
[debug] [2025-04-16T05:59:43.111Z] >>> [apiv2][body] POST https://www.googleapis.com/oauth2/v3/token [omitted]
[debug] [2025-04-16T05:59:43.796Z] <<< [apiv2][status] POST https://www.googleapis.com/oauth2/v3/token 200
[debug] [2025-04-16T05:59:43.797Z] <<< [apiv2][body] POST https://www.googleapis.com/oauth2/v3/token [omitted]
[debug] [2025-04-16T05:59:43.849Z] >>> [apiv2][query] POST https://cloudresourcemanager.googleapis.com/v1/projects/the-red-loggin:testIamPermissions [none]
[debug] [2025-04-16T05:59:43.849Z] >>> [apiv2][(partial)header] POST https://cloudresourcemanager.googleapis.com/v1/projects/the-red-loggin:testIamPermissions x-goog-quota-user=projects/the-red-loggin
[debug] [2025-04-16T05:59:43.850Z] >>> [apiv2][body] POST https://cloudresourcemanager.googleapis.com/v1/projects/the-red-loggin:testIamPermissions {"permissions":["firebase.projects.get"]}
[debug] [2025-04-16T05:59:44.459Z] <<< [apiv2][status] POST https://cloudresourcemanager.googleapis.com/v1/projects/the-red-loggin:testIamPermissions 200
[debug] [2025-04-16T05:59:44.459Z] <<< [apiv2][body] POST https://cloudresourcemanager.googleapis.com/v1/projects/the-red-loggin:testIamPermissions {"permissions":["firebase.projects.get"]}
[debug] [2025-04-16T05:59:44.469Z] Checked if tokens are valid: true, expires at: 1744786782799
[debug] [2025-04-16T05:59:44.469Z] Checked if tokens are valid: true, expires at: 1744786782799
[debug] [2025-04-16T05:59:44.470Z] Checked if tokens are valid: true, expires at: 1744786782799
[debug] [2025-04-16T05:59:44.471Z] Checked if tokens are valid: true, expires at: 1744786782799
[debug] [2025-04-16T05:59:44.474Z] >>> [apiv2][query] GET https://serviceusage.googleapis.com/v1/projects/the-red-loggin/services/cloudfunctions.googleapis.com [none]
[debug] [2025-04-16T05:59:44.474Z] >>> [apiv2][(partial)header] GET https://serviceusage.googleapis.com/v1/projects/the-red-loggin/services/cloudfunctions.googleapis.com x-goog-quota-user=projects/the-red-loggin
[debug] [2025-04-16T05:59:44.480Z] >>> [apiv2][query] GET https://serviceusage.googleapis.com/v1/projects/the-red-loggin/services/runtimeconfig.googleapis.com [none]
[debug] [2025-04-16T05:59:44.480Z] >>> [apiv2][(partial)header] GET https://serviceusage.googleapis.com/v1/projects/the-red-loggin/services/runtimeconfig.googleapis.com x-goog-quota-user=projects/the-red-loggin
[debug] [2025-04-16T05:59:45.218Z] <<< [apiv2][status] GET https://serviceusage.googleapis.com/v1/projects/the-red-loggin/services/cloudfunctions.googleapis.com 200
[debug] [2025-04-16T05:59:45.218Z] <<< [apiv2][body] GET https://serviceusage.googleapis.com/v1/projects/the-red-loggin/services/cloudfunctions.googleapis.com [omitted]
[debug] [2025-04-16T05:59:45.227Z] <<< [apiv2][status] GET https://serviceusage.googleapis.com/v1/projects/the-red-loggin/services/runtimeconfig.googleapis.com 200
[debug] [2025-04-16T05:59:45.228Z] <<< [apiv2][body] GET https://serviceusage.googleapis.com/v1/projects/the-red-loggin/services/runtimeconfig.googleapis.com [omitted]
[info] 
Detected existing codebase(s): default

[info] Let's create a new codebase for your functions.
[info] A directory corresponding to the codebase will be created in your project
[info] with sample code pre-configured.

[info] See https://firebase.google.com/docs/functions/organize-functions for
[info] more information on organizing your functions using codebases.

[info] Functions can be deployed with firebase deploy.

[error] Invalid codebase name. Codebase must be less than 64 characters and can contain only lowercase letters, numeric characters, underscores, and dashes.
[info] +  Wrote the-red/requirements.txt 
[info] +  Wrote the-red/.gitignore 
[info] +  Wrote the-red/main.py 
[debug] [2025-04-16T06:01:49.406Z] Error: spawn python.exe ENOENT
    at notFoundError (C:\Users\bryan\AppData\Roaming\npm\node_modules\firebase-tools\node_modules\cross-spawn\lib\enoent.js:6:26)
    at verifyENOENT (C:\Users\bryan\AppData\Roaming\npm\node_modules\firebase-tools\node_modules\cross-spawn\lib\enoent.js:40:16)
    at cp.emit (C:\Users\bryan\AppData\Roaming\npm\node_modules\firebase-tools\node_modules\cross-spawn\lib\enoent.js:27:25)
    at ChildProcess._handle.onexit (node:internal/child_process:293:12)
[error] 
[error] Error: An unexpected error has occurred.
